Compiling the C compiler identification source file "CMakeCCompilerId.c" failed.
Compiler: /Library/Developer/CommandLineTools/usr/bin/cc 
Build flags: 
Id flags:  

The output was:
1
ld: library not found for -lSystem
clang: error: linker command failed with exit code 1 (use -v to see invocation)


Compiling the CXX compiler identification source file "CMakeCXXCompilerId.cpp" failed.
Compiler: /Library/Developer/CommandLineTools/usr/bin/c++ 
Build flags: 
Id flags:  

The output was:
1
ld: library not found for -lc++
clang: error: linker command failed with exit code 1 (use -v to see invocation)


Performing C++ SOURCE FILE Test COMPILER_SUPPORTS_MARCH_NATIVE failed with the following output:
Change Dir: /Users/yangtianyue/Desktop/UG Lab Record/Y2_Interferometry/InterferogramSimulation/cmake-build-debug/CMakeFiles/CMakeTmp

Run Build Command(s):/Applications/CLion.app/Contents/bin/ninja/mac/ninja cmTC_53f8f && [1/2] Building CXX object CMakeFiles/cmTC_53f8f.dir/src.cxx.o
FAILED: CMakeFiles/cmTC_53f8f.dir/src.cxx.o 
/Library/Developer/CommandLineTools/usr/bin/c++ -DCOMPILER_SUPPORTS_MARCH_NATIVE  -arch arm64 -isysroot /Library/Developer/CommandLineTools/SDKs/MacOSX12.3.sdk -mmacosx-version-min=12.2 -fcolor-diagnostics   -march=native -std=gnu++17 -MD -MT CMakeFiles/cmTC_53f8f.dir/src.cxx.o -MF CMakeFiles/cmTC_53f8f.dir/src.cxx.o.d -o CMakeFiles/cmTC_53f8f.dir/src.cxx.o -c '/Users/yangtianyue/Desktop/UG Lab Record/Y2_Interferometry/InterferogramSimulation/cmake-build-debug/CMakeFiles/CMakeTmp/src.cxx'
clang: error: the clang compiler does not support '-march=native'
ninja: build stopped: subcommand failed.


Source file was:
int main() { return 0; }
